0 info it worked if it ends with ok
1 verbose cli [ '/usr/bin/node', '/usr/bin/npm', 'run', 'build:prod' ]
2 info using npm@3.10.10
3 info using node@v6.14.3
4 verbose stack Error: ENOENT: no such file or directory, open '/var/www/html/uniclix/package.json'
4 verbose stack     at Error (native)
5 verbose cwd /var/www/html/uniclix
6 error Linux 3.10.0-862.2.3.el7.x86_64
7 error argv "/usr/bin/node" "/usr/bin/npm" "run" "build:prod"
8 error node v6.14.3
9 error npm  v3.10.10
10 error path /var/www/html/uniclix/package.json
11 error code ENOENT
12 error errno -2
13 error syscall open
14 error enoent ENOENT: no such file or directory, open '/var/www/html/uniclix/package.json'
15 error enoent ENOENT: no such file or directory, open '/var/www/html/uniclix/package.json'
15 error enoent This is most likely not a problem with npm itself
15 error enoent and is related to npm not being able to find a file.
16 verbose exit [ -2, true ]
